<?xml version="1.0" encoding="UTF-8"?>
<!-- Generated by org.testng.reporters.JUnitXMLReporter -->
<testsuite ignored="0" hostname="LIN80025073" failures="0" tests="3" name="Default test" time="0.094" errors="0" timestamp="2024-01-09T12:10:28 IST">
  <testcase classname="TestNGPackage.TestNGDemo" name="method1" time="0.013"/>
  <testcase classname="TestNGPackage.TestNGDemo" name="method2" time="0.002"/>
  <testcase classname="TestNGPackage.TestNGDemo" name="method3" time="0.002"/>
</testsuite> <!-- Default test -->
