<?xml version="1.0" encoding="UTF-8"?>
<!-- Generated by org.testng.reporters.JUnitXMLReporter -->
<testsuite ignored="0" hostname="LIN80025073" failures="0" tests="4" name="Test" time="0.1" errors="0" timestamp="2023-10-21T21:20:57 IST">
  <testcase classname="TestNGPackage.TestNGProgram2" name="testCase3" time="0.013"/>
  <testcase classname="TestNGPackage.TestNGProgram2" name="testCase4" time="0.002"/>
  <testcase classname="TestNGPackage.TestNGProgram1" name="testCase1" time="0.002"/>
  <testcase classname="TestNGPackage.TestNGProgram1" name="testCase2" time="0.002"/>
</testsuite> <!-- Test -->
