<?xml version="1.0" encoding="UTF-8"?>
<!-- Generated by org.testng.reporters.JUnitXMLReporter -->
<testsuite ignored="1" hostname="LIN80025073" failures="0" tests="2" name="ToolsQA" time="0.112" errors="0" timestamp="2024-01-03T13:19:27 IST">
  <testcase classname="TestNGPackage.GroupNG" name="checkTitle" time="0.016"/>
  <testcase classname="TestNGPackage.GroupNG" name="click_element" time="0.003"/>
  <testcase classname="TestNGPackage.GroupNG" name="starting_point" time="0.0">
    <ignored/>
  </testcase> <!-- starting_point -->
</testsuite> <!-- ToolsQA -->
