<?xml version="1.0" encoding="UTF-8"?>
<testng-results ignored="0" total="3" passed="3" failed="0" skipped="0">
  <reporter-output>
  </reporter-output>
  <suite started-at="2024-01-09T12:10:28 IST" name="Default suite" finished-at="2024-01-09T12:10:28 IST" duration-ms="94">
    <groups>
    </groups>
    <test started-at="2024-01-09T12:10:28 IST" name="Default test" finished-at="2024-01-09T12:10:28 IST" duration-ms="94">
      <class name="TestNGPackage.TestNGDemo">
        <test-method signature="method1()[pri:0, instance:TestNGPackage.TestNGDemo@248e319b]" started-at="2024-01-09T12:10:28 IST" name="method1" finished-at="2024-01-09T12:10:28 IST" duration-ms="13" status="PASS">
          <reporter-output>
          </reporter-output>
        </test-method> <!-- method1 -->
        <test-method signature="method2()[pri:0, instance:TestNGPackage.TestNGDemo@248e319b]" started-at="2024-01-09T12:10:28 IST" name="method2" finished-at="2024-01-09T12:10:28 IST" duration-ms="2" status="PASS">
          <reporter-output>
          </reporter-output>
        </test-method> <!-- method2 -->
        <test-method signature="method3()[pri:0, instance:TestNGPackage.TestNGDemo@248e319b]" started-at="2024-01-09T12:10:28 IST" name="method3" finished-at="2024-01-09T12:10:28 IST" duration-ms="2" status="PASS">
          <reporter-output>
          </reporter-output>
        </test-method> <!-- method3 -->
      </class> <!-- TestNGPackage.TestNGDemo -->
    </test> <!-- Default test -->
  </suite> <!-- Default suite -->
</testng-results>
